Log file open, 09/28/18 01:07:29
LogWindows: Failed to load 'aqProf.dll' (GetLastError=126)
LogWindows: File 'aqProf.dll' does not exist
LogWindows: Failed to load 'VtuneApi.dll' (GetLastError=126)
LogWindows: File 'VtuneApi.dll' does not exist
LogWindows: Failed to load 'VtuneApi32e.dll' (GetLastError=126)
LogWindows: File 'VtuneApi32e.dll' does not exist
LogInit: Display: Running engine for game: BarGame
LogPlatformFile: Not using cached read wrapper
LogTaskGraph: Started task graph with 5 named threads and 23 total threads with 3 sets of task threads.
LogStats: Stats thread started at 0.251636
LogD3D11RHI: Loaded GFSDK_Aftermath_Lib.x64.dll
LogICUInternationalization: Display: ICU TimeZone Detection - Raw Offset: +0:00, Platform Override: ''
LogPluginManager: Mounting plugin Paper2D
LogPluginManager: Mounting plugin AISupport
LogPluginManager: Mounting plugin LightPropagationVolume
LogPluginManager: Mounting plugin CLionSourceCodeAccess
LogPluginManager: Mounting plugin CodeLiteSourceCodeAccess
LogPluginManager: Mounting plugin GitSourceControl
LogPluginManager: Mounting plugin KDevelopSourceCodeAccess
LogPluginManager: Mounting plugin NullSourceCodeAccess
LogPluginManager: Mounting plugin PerforceSourceControl
LogPluginManager: Mounting plugin SubversionSourceControl
LogPluginManager: Mounting plugin UObjectPlugin
LogPluginManager: Mounting plugin VisualStudioCodeSourceCodeAccess
LogPluginManager: Mounting plugin VisualStudioSourceCodeAccess
LogPluginManager: Mounting plugin XCodeSourceCodeAccess
LogPluginManager: Mounting plugin AssetManagerEditor
LogPluginManager: Mounting plugin CryptoKeys
LogPluginManager: Mounting plugin DataValidation
LogPluginManager: Mounting plugin FacialAnimation
LogPluginManager: Mounting plugin GameplayTagsEditor
LogPluginManager: Mounting plugin MacGraphicsSwitching
LogPluginManager: Mounting plugin MeshEditor
LogPluginManager: Mounting plugin MobileLauncherProfileWizard
LogPluginManager: Mounting plugin PluginBrowser
LogPluginManager: Mounting plugin SpeedTreeImporter
LogPluginManager: Mounting plugin DatasmithContent
LogPluginManager: Mounting plugin AlembicImporter
LogPluginManager: Mounting plugin AppleImageUtils
LogPluginManager: Mounting plugin AppleVision
LogPluginManager: Mounting plugin BackChannel
LogPluginManager: Mounting plugin CharacterAI
LogPluginManager: Mounting plugin GeometryCache
LogPluginManager: Mounting plugin HTML5Networking
LogPluginManager: Mounting plugin ProxyLODPlugin
LogPluginManager: Mounting plugin MagicLeap
LogPluginManager: Mounting plugin MagicLeapEmulator
LogPluginManager: Mounting plugin MagicLeapMedia
LogPluginManager: Mounting plugin AndroidMedia
LogPluginManager: Mounting plugin AvfMedia
LogPluginManager: Mounting plugin ImgMedia
LogPluginManager: Mounting plugin LinearTimecode
LogPluginManager: Mounting plugin MediaCompositing
LogPluginManager: Mounting plugin MediaPlayerEditor
LogPluginManager: Mounting plugin WmfMedia
LogPluginManager: Mounting plugin TcpMessaging
LogPluginManager: Mounting plugin UdpMessaging
LogPluginManager: Mounting plugin ActorSequence
LogPluginManager: Mounting plugin LevelSequenceEditor
LogPluginManager: Mounting plugin MatineeToLevelSequence
LogPluginManager: Mounting plugin NetcodeUnitTest
LogPluginManager: Mounting plugin NUTUnrealEngine4
LogPluginManager: Mounting plugin OnlineSubsystemGooglePlay
LogPluginManager: Mounting plugin OnlineSubsystemIOS
LogPluginManager: Mounting plugin OnlineSubsystem
LogPluginManager: Mounting plugin OnlineSubsystemNull
LogPluginManager: Mounting plugin OnlineSubsystemUtils
LogPluginManager: Mounting plugin LauncherChunkInstaller
LogPluginManager: Mounting plugin AndroidDeviceProfileSelector
LogPluginManager: Mounting plugin AndroidMoviePlayer
LogPluginManager: Mounting plugin AndroidPermission
LogPluginManager: Mounting plugin AppleMoviePlayer
LogPluginManager: Mounting plugin ArchVisCharacter
LogPluginManager: Mounting plugin AudioCapture
LogPluginManager: Mounting plugin CableComponent
LogPluginManager: Mounting plugin CustomMeshComponent
LogPluginManager: Mounting plugin EditableMesh
LogPluginManager: Mounting plugin ExampleDeviceProfileSelector
LogPluginManager: Mounting plugin GoogleCloudMessaging
LogPluginManager: Mounting plugin ImmediatePhysics
LogPluginManager: Mounting plugin IOSDeviceProfileSelector
LogPluginManager: Mounting plugin LinuxDeviceProfileSelector
LogPluginManager: Mounting plugin LocationServicesBPLibrary
LogPluginManager: Mounting plugin MobilePatchingUtils
LogPluginManager: Mounting plugin OculusVR
LogPluginManager: Plugin shader directory ../../../Engine/Plugins/Runtime/Oculus/OculusVR/Shaders found
LogPluginManager: Mapping shader source directory ../../../Engine/Plugins/Runtime/Oculus/OculusVR/Shaders to virtual directory /Plugin/OculusVR
LogPluginManager: Mounting plugin PhysXVehicles
LogPluginManager: Mounting plugin ProceduralMeshComponent
LogPluginManager: Mounting plugin RuntimePhysXCooking
LogPluginManager: Mounting plugin SteamVR
LogPluginManager: Mounting plugin WindowsMoviePlayer
LogStreaming: Display: Took  0.031s to configure plugins.
LogInit: Using libcurl 7.55.1-DEV
LogInit:  - built for x86_64-pc-win32
LogInit:  - supports SSL with OpenSSL/1.0.2h
LogInit:  - supports HTTP deflate (compression) using libz 1.2.8
LogInit:  - other features:
LogInit:      CURL_VERSION_SSL
LogInit:      CURL_VERSION_LIBZ
LogInit:      CURL_VERSION_IPV6
LogInit:      CURL_VERSION_ASYNCHDNS
LogInit:      CURL_VERSION_LARGEFILE
LogInit:      CURL_VERSION_IDN
LogInit:  CurlRequestOptions (configurable via config and command line):
LogInit:  - bVerifyPeer = false  - Libcurl will NOT verify peer certificate
LogInit:  - bUseHttpProxy = false  - Libcurl will NOT use HTTP proxy
LogInit:  - bDontReuseConnections = false  - Libcurl will reuse connections
LogInit:  - CertBundlePath = nullptr  - Libcurl will use whatever was configured at build time.
LogInit:  - MaxHostConnections = 16  - Libcurl will limit the number of connections to a host
LogInit:  - LocalHostAddr = Default
LogInit:  - BufferSize = 65536
LogInit: WinSock: version 1.1 (2.2), MaxSocks=32767, MaxUdp=65467
LogInit: Build: ++UE4+Release-4.20-CL-4369336
LogInit: Engine Version: 4.20.3-4369336+++UE4+Release-4.20
LogInit: Compatible Engine Version: 4.20.0-4212847+++UE4+Release-4.20
LogInit: Net CL: 4212847
LogInit: OS: Windows 7 (Service Pack 1), CPU: Intel(R) Core(TM) i7-4790K CPU @ 4.00GHz, GPU: NVIDIA GeForce GTX 1070
LogInit: Compiled (64-bit): Sep 17 2018 12:26:19
LogInit: Compiled with Visual C++: 19.13.26129.00
LogInit: Build Configuration: Development
LogInit: Branch Name: ++UE4+Release-4.20
LogInit: Command Line:  /Game/Maps/Bar -game -PIEVIACONSOLE -ResX=1280 -ResY=720  -Multiprocess -messaging -SessionName="Play in Standalone Game" -windowed 
LogInit: Base Directory: E:/Unreal Engine/UE_4.20/Engine/Binaries/Win64/
LogInit: Installed Engine Build: 1
LogDevObjectVersion: Number of dev versions registered: 20
LogDevObjectVersion:   Dev-Blueprints (B0D832E4-1F89-4F0D-ACCF-7EB736FD4AA2): 10
LogDevObjectVersion:   Dev-Build (E1C64328-A22C-4D53-A36C-8E866417BD8C): 0
LogDevObjectVersion:   Dev-Core (375EC13C-06E4-48FB-B500-84F0262A717E): 2
LogDevObjectVersion:   Dev-Editor (E4B068ED-F494-42E9-A231-DA0B2E46BB41): 24
LogDevObjectVersion:   Dev-Framework (CFFC743F-43B0-4480-9391-14DF171D2073): 34
LogDevObjectVersion:   Dev-Mobile (B02B49B5-BB20-44E9-A304-32B752E40360): 2
LogDevObjectVersion:   Dev-Networking (A4E4105C-59A1-49B5-A7C5-40C4547EDFEE): 0
LogDevObjectVersion:   Dev-Online (39C831C9-5AE6-47DC-9A44-9C173E1C8E7C): 0
LogDevObjectVersion:   Dev-Physics (78F01B33-EBEA-4F98-B9B4-84EACCB95AA2): 0
LogDevObjectVersion:   Dev-Platform (6631380F-2D4D-43E0-8009-CF276956A95A): 0
LogDevObjectVersion:   Dev-Rendering (12F88B9F-8875-4AFC-A67C-D90C383ABD29): 26
LogDevObjectVersion:   Dev-Sequencer (7B5AE74C-D270-4C10-A958-57980B212A5A): 9
LogDevObjectVersion:   Dev-VR (D7296918-1DD6-4BDD-9DE2-64A83CC13884): 2
LogDevObjectVersion:   Dev-LoadTimes (C2A15278-BFE7-4AFE-6C17-90FF531DF755): 1
LogDevObjectVersion:   Private-Geometry (6EACA3D4-40EC-4CC1-B786-8BED09428FC5): 3
LogDevObjectVersion:   Dev-AnimPhys (29E575DD-E0A3-4627-9D10-D276232CDCEA): 17
LogDevObjectVersion:   Dev-ReflectionCapture (6B266CEC-1EC7-4B8F-A30B-E4D90942FC07): 1
LogDevObjectVersion:   Dev-Automation (0DF73D61-A23F-47EA-B727-89E90C41499A): 1
LogDevObjectVersion:   FortniteMain (601D1886-AC64-4F84-AA16-D3DE0DEAC7D6): 12
LogDevObjectVersion:   Dev-Enterprise (9DFFBCD6-494F-0158-E221-12823C92A888): 1
LogStreaming: Display: Took  0.000s to delete old logs.
LogInit: Presizing for max 8388607 objects, including 0 objects not considered by GC, pre-allocating 0 bytes for permanent pool.
LogInit: Object subsystem initialized
[2018.09.28-00.07.29:215][  0]LogInit: Selected Device Profile: [Windows]
[2018.09.28-00.07.29:215][  0]LogInit: Applying CVar settings loaded from the selected device profile: [Windows]
[2018.09.28-00.07.29:218][  0]LogHAL: Display: Platform has ~ 8 GB [8524275712 / 8589934592 / 8], which maps to Default [LargestMinGB=32, LargerMinGB=12, DefaultMinGB=8, SmallerMinGB=6, SmallestMinGB=0)
[2018.09.28-00.07.29:218][  0]LogInit: Setting Device Profile CVar: [[r.Vulkan.UseRealUBs:1]]
[2018.09.28-00.07.29:218][  0]LogInit: Going up to parent DeviceProfile []
[2018.09.28-00.07.29:218][  0]LogInit: Computer: BERENSPC
[2018.09.28-00.07.29:218][  0]LogInit: User: Beren
[2018.09.28-00.07.29:218][  0]LogInit: CPU Page size=4096, Cores=4
[2018.09.28-00.07.29:218][  0]LogInit: High frequency timer resolution =3.904033 MHz
[2018.09.28-00.07.29:218][  0]LogMemory: Memory total: Physical=7.9GB (8GB approx)
[2018.09.28-00.07.29:219][  0]LogMemory: Platform Memory Stats for Windows
[2018.09.28-00.07.29:219][  0]LogMemory: Process Physical Memory: 102.06 MB used, 102.06 MB peak
[2018.09.28-00.07.29:219][  0]LogMemory: Process Virtual Memory: 92.78 MB used, 92.78 MB peak
[2018.09.28-00.07.29:219][  0]LogMemory: Physical Memory: 7501.88 MB used,  627.50 MB free, 8129.38 MB total
[2018.09.28-00.07.29:219][  0]LogMemory: Virtual Memory: 491.93 MB used,  627.50 MB free, 8388608.00 MB total
[2018.09.28-00.07.29:238][  0]LogInit: Using OS detected language (en-GB).
[2018.09.28-00.07.29:238][  0]LogInit: Using OS detected locale (en-GB).
[2018.09.28-00.07.29:238][  0]LogTextLocalizationManager: No specific localization for 'en-GB' exists, so the 'en' localization will be used.
[2018.09.28-00.07.29:568][  0]LogStreaming: Display: Took  0.331s to InitEngineTextLocalization.
[2018.09.28-00.07.29:587][  0]LogSlate: New Slate User Created.  User Index 0, Is Virtual User: 0
[2018.09.28-00.07.29:587][  0]LogSlate: Slate User Registered.  User Index 0, Is Virtual User: 0
[2018.09.28-00.07.29:608][  0]LogHMD: Failed to initialize OpenVR with code 126
[2018.09.28-00.07.29:608][  0]LogD3D11RHI: D3D11 adapters:
[2018.09.28-00.07.29:643][  0]LogD3D11RHI:    0. 'NVIDIA GeForce GTX 1070' (Feature Level 11_0)
[2018.09.28-00.07.29:643][  0]LogD3D11RHI:       8077/0/3808 MB DedicatedVideo/DedicatedSystem/SharedSystem, Outputs:2, VendorId:0x10de
[2018.09.28-00.07.29:643][  0]LogD3D11RHI: Chosen D3D11 Adapter: 0
[2018.09.28-00.07.29:648][  0]LogD3D11RHI: Creating new Direct3DDevice
[2018.09.28-00.07.29:648][  0]LogD3D11RHI:     GPU DeviceId: 0x1b81 (for the marketing name, search the web for "GPU Device Id")
[2018.09.28-00.07.29:648][  0]LogWindows: EnumDisplayDevices:
[2018.09.28-00.07.29:648][  0]LogWindows:    0. 'NVIDIA GeForce GTX 1070' (P:1 D:1)
[2018.09.28-00.07.29:649][  0]LogWindows:    1. 'NVIDIA GeForce GTX 1070' (P:0 D:1)
[2018.09.28-00.07.29:649][  0]LogWindows:    2. 'NVIDIA GeForce GTX 1070' (P:0 D:0)
[2018.09.28-00.07.29:649][  0]LogWindows:    3. 'NVIDIA GeForce GTX 1070' (P:0 D:0)
[2018.09.28-00.07.29:649][  0]LogWindows:    4. 'RDPDD Chained DD' (P:0 D:0)
[2018.09.28-00.07.29:649][  0]LogWindows:    5. 'RDP Encoder Mirror Driver' (P:0 D:0)
[2018.09.28-00.07.29:649][  0]LogWindows:    6. 'RDP Reflector Display Driver' (P:0 D:0)
[2018.09.28-00.07.29:649][  0]LogWindows: DebugString: GetVideoDriverDetailsInvalid PrimaryIsNotTheChoosenAdapter GetVideoDriverDetailsInvalid PrimaryIsNotTheChoosenAdapter GetVideoDriverDetailsInvalid PrimaryIsNotTheChoosenAdapter FoundDriverCount:4 
[2018.09.28-00.07.29:650][  0]LogD3D11RHI:     Adapter Name: NVIDIA GeForce GTX 1070
[2018.09.28-00.07.29:650][  0]LogD3D11RHI:   Driver Version: 398.36 (internal:24.21.13.9836, unified:398.36)
[2018.09.28-00.07.29:650][  0]LogD3D11RHI:      Driver Date: 6-24-2018
[2018.09.28-00.07.29:650][  0]LogRHI: Texture pool is 5654 MB (70% of 8077 MB)
[2018.09.28-00.07.29:663][  0]LogD3D11RHI: Async texture creation enabled
[2018.09.28-00.07.29:681][  0]LogD3D11RHI: GPU Timing Frequency: 1000.000000 (Debug: 2 2)
[2018.09.28-00.07.29:730][  0]LogShaderCompilers: Guid format shader working directory is 8 characters bigger than the processId version (../../../../../Year 2 Projects/BarGame/Intermediate/Shaders/WorkingDirectory/5132/).
[2018.09.28-00.07.29:730][  0]LogShaderCompilers: Cleaned the shader compiler working directory 'C:/Users/Beren/AppData/Local/Temp/UnrealShaderWorkingDir/80CDD5054678B9EA63877FB165248327/'.
[2018.09.28-00.07.29:926][  0]LogTemp: Display: Loaded TP WindowsClientTargetPlatform
[2018.09.28-00.07.29:938][  0]LogTemp: Display: Loaded TP WindowsNoEditorTargetPlatform
[2018.09.28-00.07.29:949][  0]LogTemp: Display: Loaded TP WindowsServerTargetPlatform
[2018.09.28-00.07.29:962][  0]LogTemp: Display: Loaded TP WindowsTargetPlatform
[2018.09.28-00.07.29:962][  0]LogTargetPlatformManager: Display: Building Assets For Windows
[2018.09.28-00.07.30:117][  0]LogXGEController: Cannot use XGE Controller as Incredibuild is not installed on this machine.
[2018.09.28-00.07.30:117][  0]LogShaderCompilers: Cannot use XGE Shader Compiler as Incredibuild is not installed on this machine.
[2018.09.28-00.07.30:117][  0]LogShaderCompilers: Display: Using Local Shader Compiler.
[2018.09.28-00.07.30:839][  0]LogDerivedDataCache: Display: Max Cache Size: 512 MB
[2018.09.28-00.07.31:187][  0]LogDerivedDataCache: Loaded boot cache 0.35s 87MB C:/Users/Beren/AppData/Local/UnrealEngine/4.20/DerivedDataCache/Boot.ddc.
[2018.09.28-00.07.31:187][  0]LogDerivedDataCache: Display: Loaded Boot cache: C:/Users/Beren/AppData/Local/UnrealEngine/4.20/DerivedDataCache/Boot.ddc
[2018.09.28-00.07.31:187][  0]LogDerivedDataCache: FDerivedDataBackendGraph:  Pak pak cache file ../../../../../Year 2 Projects/BarGame/DerivedDataCache/DDC.ddp not found, will not use a pak cache.
[2018.09.28-00.07.31:187][  0]LogDerivedDataCache: Unable to find inner node Pak for hierarchical cache Hierarchy.
[2018.09.28-00.07.31:187][  0]LogDerivedDataCache: FDerivedDataBackendGraph:  CompressedPak pak cache file ../../../../../Year 2 Projects/BarGame/DerivedDataCache/Compressed.ddp not found, will not use a pak cache.
[2018.09.28-00.07.31:187][  0]LogDerivedDataCache: Unable to find inner node CompressedPak for hierarchical cache Hierarchy.
[2018.09.28-00.07.31:212][  0]LogDerivedDataCache: Display: Pak cache opened for reading ../../../Engine/DerivedDataCache/Compressed.ddp.
[2018.09.28-00.07.31:223][  0]LogDerivedDataCache: Using Local data cache path C:/Users/Beren/AppData/Local/UnrealEngine/Common/DerivedDataCache: Writable
[2018.09.28-00.07.31:223][  0]LogDerivedDataCache: Shared data cache path not found in *engine.ini, will not use an Shared cache.
[2018.09.28-00.07.31:223][  0]LogDerivedDataCache: Unable to find inner node Shared for hierarchical cache Hierarchy.
[2018.09.28-00.07.31:241][  0]LogMaterial: Verifying Global Shaders for PCD3D_SM5
[2018.09.28-00.07.31:249][  0]LogSlate: Using FreeType 2.6.0
[2018.09.28-00.07.31:259][  0]LogSlate: SlateFontServices - WITH_FREETYPE: 1, WITH_HARFBUZZ: 1
[2018.09.28-00.07.31:403][  0]LogInit: Using OS detected language (en-GB).
[2018.09.28-00.07.31:403][  0]LogInit: Using OS detected locale (en-GB).
[2018.09.28-00.07.31:403][  0]LogTextLocalizationManager: No localization for 'en-GB' exists, so 'en' will be used for the language.
[2018.09.28-00.07.31:403][  0]LogTextLocalizationManager: No localization for 'en-GB' exists, so 'en' will be used for the locale.
[2018.09.28-00.07.31:729][  0]LogStreaming: Display: Took  0.326s to InitGameTextLocalization.
[2018.09.28-00.07.31:745][  0]LogAssetRegistry: FAssetRegistry took 0.0033 seconds to start up
[2018.09.28-00.07.31:938][  0]LogPackageLocalizationCache: Processed 11 localized package path(s) for 1 prioritized culture(s) in 0.010793 seconds
[2018.09.28-00.07.32:018][  0]LogInit: Selected Device Profile: [Windows]
[2018.09.28-00.07.32:285][  0]LogSimplygon: Simplygon DLL not present - disabling.
[2018.09.28-00.07.32:308][  0]LogMeshReduction: Using SimplygonSwarm for distributed automatic mesh merging
[2018.09.28-00.07.32:308][  0]LogMeshReduction: Using ProxyLODMeshReduction for automatic mesh merging
[2018.09.28-00.07.32:308][  0]LogMeshReduction: Using QuadricMeshReduction for automatic static mesh reduction
[2018.09.28-00.07.32:308][  0]LogMeshReduction: No automatic skeletal mesh reduction module available
[2018.09.28-00.07.32:327][  0]LogNetVersion: BarGame 1.0.0, NetCL: 4212847, EngineNetVer: 5, GameNetVer: 0 (Checksum: 1894032845)
[2018.09.28-00.07.33:458][  0]LogMoviePlayer: Initializing movie player
[2018.09.28-00.07.33:788][  0]LogTcpMessaging: Initializing TcpMessaging bridge
[2018.09.28-00.07.33:806][  0]LogUdpMessaging: Initializing bridge on interface 0.0.0.0:0 to multicast group 230.0.0.1:6666.
[2018.09.28-00.07.33:971][  0]SourceControl: Source control is disabled
[2018.09.28-00.07.33:971][  0]SourceControl: Source control is disabled
[2018.09.28-00.07.33:984][  0]SourceControl: Source control is disabled
[2018.09.28-00.07.34:292][  0]LogAndroidPermission: UAndroidPermissionCallbackProxy::GetInstance
[2018.09.28-00.07.34:455][  0]LogOcInput: OculusInput pre-init called
[2018.09.28-00.07.34:467][  0]LogUObjectArray: 42168 objects as part of root set at end of initial load.
[2018.09.28-00.07.34:467][  0]LogUObjectAllocator: 7432352 out of 0 bytes used by permanent object pool.
[2018.09.28-00.07.34:467][  0]LogUObjectArray: CloseDisregardForGC: 0/0 objects in disregard for GC pool
[2018.09.28-00.07.34:601][  0]LogEngine: Initializing Engine...
[2018.09.28-00.07.34:630][  0]LogHMD: Failed to initialize OpenVR with code 126
[2018.09.28-00.07.34:641][  0]LogStats: UGameplayTagsManager::ConstructGameplayTagTree: ImportINI prefixes -  0.000 s
[2018.09.28-00.07.34:641][  0]LogStats: UGameplayTagsManager::ConstructGameplayTagTree: Construct from data asset -  0.000 s
[2018.09.28-00.07.34:641][  0]LogStats: UGameplayTagsManager::ConstructGameplayTagTree: ImportINI -  0.000 s
[2018.09.28-00.07.34:641][  0]LogStats: UGameplayTagsManager::ConstructGameplayTagTree: GameplayTagTreeChangedEvent.Broadcast -  0.000 s
[2018.09.28-00.07.34:871][  0]LogInit: Initializing FReadOnlyCVARCache
[2018.09.28-00.07.34:890][  0]LogInit: XAudio2 using 'Speakers (Realtek High Definition Audio)' : 2 channels at 48 kHz using 32 bits per sample (channel mask 0x3)
[2018.09.28-00.07.34:896][  0]LogInit: FAudioDevice initialized.
[2018.09.28-00.07.34:910][  0]LogNetVersion: Set ProjectVersion to 1.0.0.0. Version Checksum will be recalculated on next use.
[2018.09.28-00.07.34:914][  0]LogInit: Texture streaming: Enabled
[2018.09.28-00.07.35:202][  0]LogSlate: Updating window title bar state: overlay mode, drag disabled, window buttons hidden, title bar hidden
[2018.09.28-00.07.35:202][  0]LogInit: Display: Game Engine Initialized.
[2018.09.28-00.07.35:202][  0]LogGameplayTags: Display: UGameplayTagsManager::DoneAddingNativeTags. DelegateIsBound: 0
[2018.09.28-00.07.35:202][  0]LogStats: UGameplayTagsManager::ConstructGameplayTagTree: ImportINI prefixes -  0.000 s
[2018.09.28-00.07.35:202][  0]LogStats: UGameplayTagsManager::ConstructGameplayTagTree: Construct from data asset -  0.000 s
[2018.09.28-00.07.35:202][  0]LogStats: UGameplayTagsManager::ConstructGameplayTagTree: ImportINI -  0.000 s
[2018.09.28-00.07.35:202][  0]LogStats: UGameplayTagsManager::ConstructGameplayTagTree: GameplayTagTreeChangedEvent.Broadcast -  0.000 s
[2018.09.28-00.07.35:258][  0]LogInit: Display: Starting Game.
[2018.09.28-00.07.35:268][  0]LogNet: Browse: /Game/Maps/Bar?Name=Player
[2018.09.28-00.07.35:271][  0]LogLoad: LoadMap: /Game/Maps/Bar?Name=Player
[2018.09.28-00.07.35:457][  0]LogAIModule: Creating AISystem for world Bar
[2018.09.28-00.07.35:458][  0]LogLinker: Warning: Can't find file '/Game/FirstPersonBP/Blueprints/FirstPersonGameMode'
[2018.09.28-00.07.35:458][  0]LogUObjectGlobals: Warning: Failed to load '/Game/FirstPersonBP/Blueprints/FirstPersonGameMode': Can't find file '/Game/FirstPersonBP/Blueprints/FirstPersonGameMode'
[2018.09.28-00.07.35:458][  0]LogLinker: Warning: Can't find file '/Game/FirstPersonBP/Blueprints/FirstPersonGameMode'
[2018.09.28-00.07.35:458][  0]LogUObjectGlobals: Warning: Failed to load '/Game/FirstPersonBP/Blueprints/FirstPersonGameMode': Can't find file '/Game/FirstPersonBP/Blueprints/FirstPersonGameMode'
[2018.09.28-00.07.35:458][  0]LogUObjectGlobals: Warning: Failed to find object 'Class /Game/FirstPersonBP/Blueprints/FirstPersonGameMode.FirstPersonGameMode_C'
[2018.09.28-00.07.35:458][  0]LogLoad: Game class is 'GameModeBase'
[2018.09.28-00.07.35:460][  0]LogWorld: Bringing World /Game/Maps/Bar.Bar up for play (max tick rate 0) at 2018.09.28-01.07.35
[2018.09.28-00.07.35:460][  0]LogWorld: Bringing up level for play took: 0.001400
[2018.09.28-00.07.35:465][  0]LogLoad: Took 0.193998 seconds to LoadMap(/Game/Maps/Bar)
[2018.09.28-00.07.35:600][  0]LogRenderer: Reallocating scene render targets to support 1280x720 Format 10 NumSamples 1 (Frame:1).
[2018.09.28-00.07.35:600][  0]LogLoad: (Engine Initialization) Total time: 7.68 seconds
[2018.09.28-00.07.35:600][  0]LogLoad: (Engine Initialization) Total Blueprint compile time: 0.00 seconds
[2018.09.28-00.07.35:620][  0]LogContentStreaming: Texture pool size now 1000 MB
